#-----------------------------------------------------------
# Vivado v2018.2 (64-bit)
# SW Build 2258646 on Thu Jun 14 20:02:38 MDT 2018
# IP Build 2256618 on Thu Jun 14 22:10:49 MDT 2018
# Start of session at: Fri May 27 16:03:06 2022
# Process ID: 3812
# Current directory: /home/a_dubois/Bureau/4_I/Sys_info/projet_processeur
# Command line: vivado
# Log file: /home/a_dubois/Bureau/4_I/Sys_info/projet_processeur/vivado.log
# Journal file: /home/a_dubois/Bureau/4_I/Sys_info/projet_processeur/vivado.jou
#-----------------------------------------------------------
start_gui
open_project /home/a_dubois/Bureau/4_I/Sys_info/projet_processeur/projet_processeur.xpr
Scanning sources...
Finished scanning sources
INFO: [IP_Flow 19-234] Refreshing IP repositories
INFO: [IP_Flow 19-1704] No user IP repositories specified
INFO: [IP_Flow 19-2313] Loaded Vivado IP repository '/usr/local/insa/Xilinx.VIVADO/Vivado/2018.2/data/ip'.
open_project: Time (s): cpu = 00:00:07 ; elapsed = 00:00:06 . Memory (MB): peak = 6157.633 ; gain = 88.477 ; free physical = 9370 ; free virtual = 21174
update_compile_order -fileset sources_1
exit
INFO: [Common 17-206] Exiting Vivado at Fri May 27 16:18:51 2022...
